# RTL_ID 22011200
#
# Events:
#    N - no event
#    E - exception
#    I - interrupt
#    W - wakeup
# =====================================================================================
# : Core Reset
# =====================================================================================
# Test: illegal.hex
#           Time   Ev  Curr_PC    Instr      Next_PC    Reg        Value     
# =====================================================================================
               3   N   00000000   00000000   00002000   ---        --------
               6   N   00002000   0000e101   00002004   x10_a0     00000000
               7   N   00002004   00004e01   00002006   ---        --------
               8   N   00002006   fffff297   00002008   x28_t3     00000000
               9   N   00002008   ff828293   0000200c   x05_t0     00001008
              10   N   0000200c   30529073   00002010   x05_t0     00001000
              11   N   00002010   00004505   00002014   ---        --------
              12   N   00002014   0000057e   00002016   x10_a0     00000001
              13   N   00002016   00054863   00002018   x10_a0     80000000
              14   N   00002018   0ff0000f   00002028   ---        --------
              17   N   00002028   00028f63   0000202c   x05_t0     00000000
              18   N   0000202c   10529073   0000204a   ---        --------
              22   N   0000204a   00006509   0000204e   ---        --------
              23   N   0000204e   00006509   0000204e   ---        --------
              24   N   0000204e   80050513   00002050   x10_a0     00002000
              25   N   00002050   30052073   00002054   x10_a0     00001800
              26   N   00002054   00000297   00002058   ---        --------
              27   N   00002058   00000297   00002058   ---        --------
              28   N   00002058   6b628293   0000205c   x05_t0     00002058
              29   N   0000205c   34129073   00002060   x05_t0     0000270e
              30   N   00002060   f1402573   00002064   ---        --------
              31   N   00002064   30200073   00002068   x10_a0     00000000
              33   N   00002068   00000000   0000270e   ---        --------
              36   N   0000270e   00200e13   00002710   ---        --------
              37   N   00002710   00000000   00002714   x28_t3     00000002
              38   E   00002714   00000000   00001000   mstatus    00001800
              38   E   00002714   00000000   00001000   mepc       00002714
              38   E   00002714   00000000   00001000   mcause     00000002
              38   E   00002714   00000000   00001000   mtval      00000000
              41   N   00001000   000047a1   00001004   x14_a4     00000002
              42   N   00001004   04f70263   00001006   x15_a5     00000008
              43   N   00001006   000047a5   0000100a   ---        --------
              44   N   0000100a   02f70f63   0000100c   x15_a5     00000009
              45   N   0000100c   000047ad   00001010   ---        --------
              46   N   00001010   02f70c63   00001012   x15_a5     0000000b
              47   N   00001012   47ad0837   00001016   ---        --------
              49   N   00001016   02f71897   0000101a   x16_a6     f0000000
              51   N   0000101a   f0008893   0000101e   x17_a7     0000201a
              53   N   0000101e   00008783   00001022   x17_a7     00002700
              56   N   00001022   0000c791   00001026   x15_a5     00000069
              57   N   00001026   00f82023   00001028   ---        --------
              59   N   00001028   00000885   0000102c   ---        --------
              60   N   0000102c   ff5ff06f   0000102e   x17_a7     00002701
              61   N   0000102e   08852717   00001022   ---        --------
              66   N   00001022   0000c791   00001026   x15_a5     0000006c
              67   N   00001026   00f82023   00001028   ---        --------
              69   N   00001028   00000885   0000102c   ---        --------
              70   N   0000102c   ff5ff06f   0000102e   x17_a7     00002702
              71   N   0000102e   08852717   00001022   ---        --------
              76   N   00001022   0000c791   00001026   x15_a5     0000006c
              77   N   00001026   00f82023   00001028   ---        --------
              79   N   00001028   00000885   0000102c   ---        --------
              80   N   0000102c   ff5ff06f   0000102e   x17_a7     00002703
              81   N   0000102e   08852717   00001022   ---        --------
              86   N   00001022   0000c791   00001026   x15_a5     00000065
              87   N   00001026   00f82023   00001028   ---        --------
              89   N   00001028   00000885   0000102c   ---        --------
              90   N   0000102c   ff5ff06f   0000102e   x17_a7     00002704
              91   N   0000102e   08852717   00001022   ---        --------
              96   N   00001022   0000c791   00001026   x15_a5     00000067
              97   N   00001026   00f82023   00001028   ---        --------
              99   N   00001028   00000885   0000102c   ---        --------
             100   N   0000102c   ff5ff06f   0000102e   x17_a7     00002705
             101   N   0000102e   08852717   00001022   ---        --------
             106   N   00001022   0000c791   00001026   x15_a5     00000061
             107   N   00001026   00f82023   00001028   ---        --------
             109   N   00001028   00000885   0000102c   ---        --------
             110   N   0000102c   ff5ff06f   0000102e   x17_a7     00002706
             111   N   0000102e   08852717   00001022   ---        --------
             116   N   00001022   0000c791   00001026   x15_a5     0000006c
             117   N   00001026   00f82023   00001028   ---        --------
             119   N   00001028   00000885   0000102c   ---        --------
             120   N   0000102c   ff5ff06f   0000102e   x17_a7     00002707
             121   N   0000102e   08852717   00001022   ---        --------
             126   N   00001022   0000c791   00001026   x15_a5     00000020
             127   N   00001026   00f82023   00001028   ---        --------
             129   N   00001028   00000885   0000102c   ---        --------
             130   N   0000102c   ff5ff06f   0000102e   x17_a7     00002708
             131   N   0000102e   08852717   00001022   ---        --------
             136   N   00001022   0000c791   00001026   x15_a5     00000074
             137   N   00001026   00f82023   00001028   ---        --------
             139   N   00001028   00000885   0000102c   ---        --------
             140   N   0000102c   ff5ff06f   0000102e   x17_a7     00002709
             141   N   0000102e   08852717   00001022   ---        --------
             146   N   00001022   0000c791   00001026   x15_a5     00000072
             147   N   00001026   00f82023   00001028   ---        --------
             149   N   00001028   00000885   0000102c   ---        --------
             150   N   0000102c   ff5ff06f   0000102e   x17_a7     0000270a
             151   N   0000102e   08852717   00001022   ---        --------
             156   N   00001022   0000c791   00001026   x15_a5     00000061
             157   N   00001026   00f82023   00001028   ---        --------
             159   N   00001028   00000885   0000102c   ---        --------
             160   N   0000102c   ff5ff06f   0000102e   x17_a7     0000270b
             161   N   0000102e   08852717   00001022   ---        --------
             166   N   00001022   0000c791   00001026   x15_a5     00000070
             167   N   00001026   00f82023   00001028   ---        --------
             169   N   00001028   00000885   0000102c   ---        --------
             170   N   0000102c   ff5ff06f   0000102e   x17_a7     0000270c
             171   N   0000102e   08852717   00001022   ---        --------
             176   N   00001022   0000c791   00001026   x15_a5     0000000a
             177   N   00001026   00f82023   00001028   ---        --------
             179   N   00001028   00000885   0000102c   ---        --------
             180   N   0000102c   ff5ff06f   0000102e   x17_a7     0000270d
             181   N   0000102e   08852717   00001022   ---        --------
             186   N   00001022   0000c791   00001026   x15_a5     00000000
             187   N   00001026   00f82023   00001032   ---        --------
             191   N   00001032   20230713   00001036   x14_a4     00003032
             193   N   00001036   0000c311   0000103a   x14_a4     00002900
             194   N   0000103a   00008702   0000103c   ---        --------
             195   N   0000103c   34202773   00002900   ---        --------
             198   N   00002900   e65ff06f   00002940   ---        --------
             201   N   00002940   342022f3   00002944   x06_t1     00000002
             202   N   00002944   ec6292e3   00002948   x05_t0     00000002
             203   N   00002948   341022f3   0000294c   ---        --------
             204   N   0000294c   343023f3   00002950   x05_t0     00002714
             205   N   00002950   00038e63   00002954   x07_t2     00000000
             206   N   00002954   0002d303   00002970   ---        --------
             209   N   00002970   da430313   00002974   x06_t1     00002970
             210   N   00002974   04628e63   00002978   x06_t1     00002714
             211   N   00002978   00000317   000029d4   ---        --------
             214   N   000029d4   34129073   000029d8   x05_t0     0000271c
             215   N   000029d8   30200073   000029dc   ---        --------
             217   N   000029dc   00200337   0000271c   ---        --------
             220   N   0000271c   80028293   00002720   x05_t0     00002000
             221   N   00002720   3002b073   00002724   x05_t0     00001800
             222   N   00002724   00001337   00002728   ---        --------
             223   N   00002728   00001337   00002728   ---        --------
             224   N   00002728   80030313   0000272c   x06_t1     00001000
             225   N   0000272c   30032073   00002730   x06_t1     00000800
             226   N   00002730   300023f3   00002734   ---        --------
             227   N   00002734   300023f3   00002734   ---        --------
             228   N   00002734   0053f3b3   00002738   x07_t2     00001880
             229   N   00002738   0e731063   0000273c   x07_t2     00001800
             230   N   0000273c   34415073   0000281c   ---        --------
             233   N   0000281c   000e0593   00002820   ---        --------
             234   N   00002820   00000513   00002824   x11_a1     00000002
             235   N   00002824   00000073   00002828   x10_a0     00000000
             236   E   00002828   00000013   00001000   mstatus    00001800
             236   E   00002828   00000013   00001000   mepc       00002828
             236   E   00002828   00000013   00001000   mcause     0000000b
             236   E   00002828   00000013   00001000   mtval      00000000
             239   N   00001000   000047a1   00001004   x14_a4     0000000b
             240   N   00001004   04f70263   00001006   x15_a5     00000008
             241   N   00001006   000047a5   0000100a   ---        --------
             242   N   0000100a   02f70f63   0000100c   x15_a5     00000009
             243   N   0000100c   000047ad   00001010   ---        --------
             244   N   00001010   02f70c63   00001012   x15_a5     0000000b
             245   N   00001012   47ad0837   0000104a   ---        --------
             249   N   0000104a   08370013   00002ae0   ---        --------
             252   N   00002ae0   61428293   00002ae4   x05_t0     fffffae0
             253   N   00002ae4   00008282   00002ae8   x05_t0     000000f4
             254   N   00002ae8   00000013   000000f4   ---        --------
             257   N   000000f4   0000006f   000000f8   ---        --------
             258   N   000000f8   ffffffff   000000f8   ---        --------
